hz1411
*   4e14e8c 9th commit (3rd on test2)
|\
| *   86e4c45 7th commit (3rd on test1)
| |\
| * | 2ef790d 6th commit (2nd on test1)
* | |   37133d8 8th commit (2nd on test2)
|\ \ \
| | |/
| |/|
| * |   1d37cbb 5th commit (3rd on master)
| |\ \
| | |/
| | * e0e273c 2nd commit (1st on test1)
* | | b8919ab 4th commit (1st on test2)
|/ /
* | 9972d27 3rd commit (2nd on master)
|/
* bd61c93 1st commit (1st on master)

zr463
*   2727b0e 9
|\
| *   484957d 6
| |\
| * | 67f6c73 5
* | |   dab45ad 8
|\ \ \
| | |/
| |/|
| * |   af68b5c 4
| |\ \
| | |/
| | * e9b66ea 2
* | | d7a0b3e test2
|/ /
* | 8025574 3
|/
* 65da3f2 1
