lg2755
*   da03502 Merge branch 'Test2'
|\
| *   cb0fb52 Merge branch 'master' into Test2
| |\
| * | 9b94ae1 4th commit (1st on Test2)
* | |   d161b96 Merge branch 'Test1'
|\ \ \
| |_|/
|/| |
| * | bfd978f 5th commit (2nd on Test1)
* | |   4aac906 Merge branch 'Test1'
|\ \ \
| |/ /
| | /
| |/
|/|
| * c657e13 2nd commit (1st on Test1)
* | de1ce3f 3rd commit (2nd on master)
|/
* ba43dc7 1st commit (1st on master)

zr463
*   2727b0e 9
|\  
| *   484957d 6
| |\  
| * | 67f6c73 5
* | |   dab45ad 8
|\ \ \  
| | |/  
| |/|   
| * |   af68b5c 4
| |\ \  
| | |/  
| | * e9b66ea 2
* | | d7a0b3e test2
|/ /  
* | 8025574 3
|/  
* 65da3f2 1
